0 info it worked if it ends with ok
1 verbose cli [ 'node', '/usr/bin/npm', 'rebuild', 'node-sass' ]
2 info using npm@3.7.3
3 info using node@v0.10.37
4 verbose node symlink /usr/bin/node
5 info readInstalled object
6 verbose rebuild path, id [ '/projects/boilerplate/node_modules/laravel-elixir/node_modules/gulp-sass/node_modules/node-sass',
6 verbose rebuild   'node-sass@3.4.2' ]
7 silly rebuild set [ '/projects/boilerplate/node_modules/laravel-elixir/node_modules/gulp-sass/node_modules/node-sass' ]
8 info build /projects/boilerplate/node_modules/laravel-elixir/node_modules/gulp-sass/node_modules/node-sass
9 info lifecycle node-sass@3.4.2~preinstall: node-sass@3.4.2
10 silly lifecycle node-sass@3.4.2~preinstall: no script for preinstall, continuing
11 info linkStuff node-sass@3.4.2
12 silly linkStuff node-sass@3.4.2 has /projects/boilerplate/node_modules/laravel-elixir/node_modules/gulp-sass/node_modules as its parent node_modules
13 verbose linkBins node-sass@3.4.2
14 verbose link bins [ { 'node-sass': 'bin/node-sass' },
14 verbose link bins   '/projects/boilerplate/node_modules/laravel-elixir/node_modules/gulp-sass/node_modules/.bin',
14 verbose link bins   false ]
15 verbose linkMans node-sass@3.4.2
16 verbose rebuildBundles node-sass@3.4.2
17 verbose rebuildBundles [ '.bin',
17 verbose rebuildBundles   'async-foreach',
17 verbose rebuildBundles   'chalk',
17 verbose rebuildBundles   'cross-spawn',
17 verbose rebuildBundles   'gaze',
17 verbose rebuildBundles   'get-stdin',
17 verbose rebuildBundles   'meow',
17 verbose rebuildBundles   'mkdirp',
17 verbose rebuildBundles   'nan',
17 verbose rebuildBundles   'node-gyp',
17 verbose rebuildBundles   'npmconf',
17 verbose rebuildBundles   'request',
17 verbose rebuildBundles   'sass-graph' ]
18 info lifecycle node-sass@3.4.2~install: node-sass@3.4.2
19 verbose lifecycle node-sass@3.4.2~install: unsafe-perm in lifecycle false
20 verbose lifecycle node-sass@3.4.2~install: PATH: /usr/lib/node_modules/npm/bin/node-gyp-bin:/projects/boilerplate/node_modules/laravel-elixir/node_modules/gulp-sass/node_modules/node-sass/node_modules/.bin:/projects/boilerplate/node_modules/laravel-elixir/node_modules/gulp-sass/node_modules/.bin:/projects/boilerplate/node_modules/laravel-elixir/node_modules/.bin:/projects/boilerplate/node_modules/.bin:/usr/bin:~/.composer/vendor/bin:/usr/local/sbin:/usr/local/bin:/usr/sbin:/usr/bin:/sbin:/bin:/usr/games:/usr/local/games
21 verbose lifecycle node-sass@3.4.2~install: CWD: /projects/boilerplate/node_modules/laravel-elixir/node_modules/gulp-sass/node_modules/node-sass
22 silly lifecycle node-sass@3.4.2~install: Args: [ '-c', 'node scripts/install.js' ]
23 silly lifecycle node-sass@3.4.2~install: Returned: code: 8  signal: null
24 info lifecycle node-sass@3.4.2~install: Failed to exec install script
25 verbose stack Error: node-sass@3.4.2 install: `node scripts/install.js`
25 verbose stack Exit status 8
25 verbose stack     at EventEmitter.<anonymous> (/usr/lib/node_modules/npm/lib/utils/lifecycle.js:239:16)
25 verbose stack     at EventEmitter.emit (events.js:98:17)
25 verbose stack     at ChildProcess.<anonymous> (/usr/lib/node_modules/npm/lib/utils/spawn.js:24:14)
25 verbose stack     at ChildProcess.emit (events.js:98:17)
25 verbose stack     at maybeClose (child_process.js:766:16)
25 verbose stack     at Process.ChildProcess._handle.onexit (child_process.js:833:5)
26 verbose pkgid node-sass@3.4.2
27 verbose cwd /projects/boilerplate
28 error Linux 3.13.0-24-generic
29 error argv "node" "/usr/bin/npm" "rebuild" "node-sass"
30 error node v0.10.37
31 error npm  v3.7.3
32 error code ELIFECYCLE
33 error node-sass@3.4.2 install: `node scripts/install.js`
33 error Exit status 8
34 error Failed at the node-sass@3.4.2 install script 'node scripts/install.js'.
34 error Make sure you have the latest version of node.js and npm installed.
34 error If you do, this is most likely a problem with the node-sass package,
34 error not with npm itself.
34 error Tell the author that this fails on your system:
34 error     node scripts/install.js
34 error You can get information on how to open an issue for this project with:
34 error     npm bugs node-sass
34 error Or if that isn't available, you can get their info via:
34 error     npm owner ls node-sass
34 error There is likely additional logging output above.
35 verbose exit [ 1, true ]
